<?xml version="1.0" encoding="UTF-8"?>
<!-- Generated by org.testng.reporters.JUnitReportReporter -->
<testsuite hostname="LAPTOP-5VTFGCLM" failures="0" tests="1" name="testscript.ManageProductTest" time="4.226" errors="0" timestamp="2024-01-30T14:16:56 IST" skipped="0">
  <testcase classname="testscript.ManageProductTest" name="verifyAnyProductIsFeaturedInTheList" time="4.226"/>
</testsuite> <!-- testscript.ManageProductTest -->
