<?xml version="1.0" encoding="UTF-8"?>
<!-- Generated by org.testng.reporters.JUnitReportReporter -->
<testsuite hostname="LAPTOP-5VTFGCLM" failures="0" tests="1" name="testscript.ManageOrderTest" time="8.380" errors="0" timestamp="2024-01-21T12:18:11 IST" skipped="0">
  <testcase classname="testscript.ManageOrderTest" name="verifyIsOrderDetailsViewableForAnExistingOrderID" time="8.380"/>
</testsuite> <!-- testscript.ManageOrderTest -->
