<?xml version="1.0" encoding="UTF-8"?>
<!-- Generated by org.testng.reporters.JUnitReportReporter -->
<testsuite hostname="LAPTOP-5VTFGCLM" failures="0" tests="4" name="testscript.LoginTest" time="35.669" errors="0" timestamp="2024-01-31T21:51:46 IST" skipped="2">
  <testcase classname="testscript.LoginTest" name="verifyWhetherTheUserIsAbleToLoginWithValidCredentials" time="5.339">
    <skipped/>
  </testcase> <!-- verifyWhetherTheUserIsAbleToLoginWithValidCredentials -->
  <testcase classname="testscript.LoginTest" name="verifyWhetherTheUserIsAbleToLoginWithValidCredentials" time="7.188">
    <skipped/>
  </testcase> <!-- verifyWhetherTheUserIsAbleToLoginWithValidCredentials -->
  <testcase classname="testscript.LoginTest" name="verifyWhetherTheUserIsAbleToLoginWithValidCredentials" time="12.200"/>
  <testcase classname="testscript.LoginTest" name="verifyWhetherTheUserIsAbleToLoginWithValidCredentials" time="10.942"/>
</testsuite> <!-- testscript.LoginTest -->
