<?xml version="1.0" encoding="UTF-8"?>
<!-- Generated by org.testng.reporters.JUnitReportReporter -->
<testsuite hostname="LAPTOP-5VTFGCLM" failures="0" tests="7" name="testscript.ManageDeliveryBoyTest" time="33.385" errors="0" timestamp="2024-01-22T22:48:42 IST" skipped="0">
  <testcase classname="testscript.ManageDeliveryBoyTest" name="verifyNoDeliverBoyPresntInTheListForAnInValidEmail" time="6.009"/>
  <testcase classname="testscript.ManageDeliveryBoyTest" name="verifyNoDeliverBoyPresntInTheListForAnInValidName" time="4.128"/>
  <testcase classname="testscript.ManageDeliveryBoyTest" name="verifyAnyDeliverBoyPresentInTheListForAValidePhoneNumber" time="4.625"/>
  <testcase classname="testscript.ManageDeliveryBoyTest" name="verifyAnyDeliverBoyPresentInTheListForAValidEmail" time="5.021"/>
  <testcase classname="testscript.ManageDeliveryBoyTest" name="verifyNoDeliverBoyPresntInTheListForAnInValidPhoneNumber" time="4.503"/>
  <testcase classname="testscript.ManageDeliveryBoyTest" name="verifyNoNewDeliverBoyIsGettingCreatedIfMandatoryFieldsAreMissing" time="4.523"/>
  <testcase classname="testscript.ManageDeliveryBoyTest" name="verifyAnyDeliverBoyPresentInTheListForAValidName" time="4.576"/>
</testsuite> <!-- testscript.ManageDeliveryBoyTest -->
