<?xml version="1.0" encoding="UTF-8"?>
<!-- Generated by org.testng.reporters.JUnitReportReporter -->
<testsuite hostname="LAPTOP-5VTFGCLM" failures="0" tests="1" name="testscript.ManageDeliveryBoyTest" time="6.068" errors="0" timestamp="2024-01-22T13:42:44 IST" skipped="0">
  <testcase classname="testscript.ManageDeliveryBoyTest" name="verifyAnyDeliverBoyPresentInTheListForAValidePhoneNumber" time="6.068"/>
</testsuite> <!-- testscript.ManageDeliveryBoyTest -->
