<?xml version="1.0" encoding="UTF-8"?>
<!-- Generated by org.testng.reporters.JUnitReportReporter -->
<testsuite hostname="LAPTOP-5VTFGCLM" failures="0" tests="1" name="testscript.LoginTest" time="4.775" errors="0" timestamp="2024-01-20T15:36:41 IST" skipped="0">
  <testcase classname="testscript.LoginTest" name="verifyWhetherTheUserIsUnableToLoginWithIncorrectUserNameAndIncorrectPassWord" time="4.775"/>
</testsuite> <!-- testscript.LoginTest -->
