<?xml version="1.0" encoding="UTF-8"?>
<!-- Generated by org.testng.reporters.JUnitReportReporter -->
<testsuite hostname="LAPTOP-5VTFGCLM" failures="0" tests="1" name="testscript.LoginTest" time="4.948" errors="0" timestamp="2024-04-02T08:18:14 IST" skipped="0">
  <testcase classname="testscript.LoginTest" name="verifyWhetherTheUserIsAbleToLoginWithValidCredentials" time="4.948"/>
</testsuite> <!-- testscript.LoginTest -->
