<?xml version="1.0" encoding="UTF-8"?>
<!-- Generated by org.testng.reporters.JUnitReportReporter -->
<testsuite hostname="LAPTOP-5VTFGCLM" failures="0" tests="1" name="testscript.MobileSliderTest" time="4.051" errors="0" timestamp="2024-04-02T13:17:30 IST" skipped="0">
  <testcase classname="testscript.MobileSliderTest" name="verifyWhetherMobleSliderPageHeadingIsCorrect" time="4.051"/>
</testsuite> <!-- testscript.MobileSliderTest -->
