<?xml version="1.0" encoding="UTF-8"?>
<!-- Generated by org.testng.reporters.JUnitReportReporter -->
<testsuite hostname="LAPTOP-5VTFGCLM" failures="0" tests="1" name="testscript.LoginTest" time="6.904" errors="0" timestamp="2024-01-30T22:11:54 IST" skipped="0">
  <testcase classname="testscript.LoginTest" name="verifyWhetherTheUserIsAbleToLoginWithValidCredentials" time="6.904"/>
</testsuite> <!-- testscript.LoginTest -->
