<?xml version="1.0" encoding="UTF-8"?>
<!-- Generated by org.testng.reporters.JUnitReportReporter -->
<testsuite hostname="LAPTOP-5VTFGCLM" failures="0" tests="1" name="testscript.ManageOrderTest" time="6.764" errors="0" timestamp="2024-01-30T14:16:56 IST" skipped="0">
  <testcase classname="testscript.ManageOrderTest" name="verifyIsOrderDetailsViewableForAnExistingOrderID" time="6.764"/>
</testsuite> <!-- testscript.ManageOrderTest -->
