<?xml version="1.0" encoding="UTF-8"?>
<!-- Generated by org.testng.reporters.JUnitReportReporter -->
<testsuite hostname="LAPTOP-5VTFGCLM" failures="0" tests="4" name="testscript.ManageDeliveryBoyTest" time="22.887" errors="0" timestamp="2024-01-30T14:16:56 IST" skipped="0">
  <testcase classname="testscript.ManageDeliveryBoyTest" name="verifyDeliverBoyStatusGettingChangedByStatusButtonClick" time="6.163"/>
  <testcase classname="testscript.ManageDeliveryBoyTest" name="verifyNoNewDeliverBoyIsGettingCreatedIfMandatoryFieldsAreMissing" time="6.892"/>
  <testcase classname="testscript.ManageDeliveryBoyTest" name="verifyAnyDeliverBoyPresentInTheListForAValidEmail" time="4.497"/>
  <testcase classname="testscript.ManageDeliveryBoyTest" name="verifyIsFirstRowOfDeliveryBoyIsDeletedByDeleteButtonClick" time="5.335"/>
</testsuite> <!-- testscript.ManageDeliveryBoyTest -->
