<?xml version="1.0" encoding="UTF-8"?>
<!-- Generated by org.testng.reporters.JUnitReportReporter -->
<testsuite hostname="LAPTOP-5VTFGCLM" failures="0" tests="1" name="testscript.ManageOfferCodeTest" time="7.805" errors="0" timestamp="2024-04-02T08:21:16 IST" skipped="0">
  <testcase classname="testscript.ManageOfferCodeTest" name="veryfyWhetherNewOfferCodeIsGettingAddedWhenCoorectDetailsAreEntered" time="7.805"/>
</testsuite> <!-- testscript.ManageOfferCodeTest -->
