<?xml version="1.0" encoding="UTF-8"?>
<!-- Generated by org.testng.reporters.JUnitReportReporter -->
<testsuite hostname="LAPTOP-5VTFGCLM" failures="0" tests="1" name="testscript.AdminUsersTest" time="4.735" errors="0" timestamp="2024-02-29T17:00:48 IST" skipped="0">
  <testcase classname="testscript.AdminUsersTest" name="verifyWhetherAnUserSuccessfullyGetAddedWhenEnteringCorrectDetails" time="4.735"/>
</testsuite> <!-- testscript.AdminUsersTest -->
