<?xml version="1.0" encoding="UTF-8"?>
<!-- Generated by org.testng.reporters.JUnitReportReporter -->
<testsuite hostname="LAPTOP-5VTFGCLM" failures="0" tests="1" name="testscript.ManageOrderTest" time="8.499" errors="0" timestamp="2024-01-22T22:55:23 IST" skipped="0">
  <testcase classname="testscript.ManageOrderTest" name="verifyIsOrderDetailsViewableForAnExistingOrderID" time="8.499"/>
</testsuite> <!-- testscript.ManageOrderTest -->
