<?xml version="1.0" encoding="UTF-8"?>
<!-- Generated by org.testng.reporters.JUnitReportReporter -->
<testsuite hostname="LAPTOP-5VTFGCLM" failures="0" tests="1" name="testscript.AdminUsersTest" time="8.067" errors="0" timestamp="2024-01-21T11:28:23 IST" skipped="0">
  <testcase classname="testscript.AdminUsersTest" name="verifyWhetherAnUserSuccessfullyGetAddedWhenEnteringCorrectDetails" time="8.067"/>
</testsuite> <!-- testscript.AdminUsersTest -->
