<?xml version="1.0" encoding="UTF-8"?>
<!-- Generated by org.testng.reporters.JUnitReportReporter -->
<testsuite hostname="LAPTOP-5VTFGCLM" failures="0" tests="1" name="testscript.AdminUsersTest" time="7.058" errors="0" timestamp="2024-01-22T22:54:26 IST" skipped="0">
  <testcase classname="testscript.AdminUsersTest" name="verifyWhetherAnUserSuccessfullyGetAddedWhenEnteringCorrectDetails" time="7.058"/>
</testsuite> <!-- testscript.AdminUsersTest -->
