<?xml version="1.0" encoding="UTF-8"?>
<!-- Generated by org.testng.reporters.JUnitReportReporter -->
<testsuite hostname="LAPTOP-5VTFGCLM" failures="0" tests="4" name="testscript.ManageDeliveryBoyTest" time="17.526" errors="0" timestamp="2024-02-15T16:20:42 IST" skipped="0">
  <testcase classname="testscript.ManageDeliveryBoyTest" name="verifyAnyDeliverBoyPresentInTheListForAValidEmail" time="4.823"/>
  <testcase classname="testscript.ManageDeliveryBoyTest" name="verifyDeliverBoyStatusGettingChangedByStatusButtonClick" time="4.052"/>
  <testcase classname="testscript.ManageDeliveryBoyTest" name="verifyIsFirstRowOfDeliveryBoyIsDeletedByDeleteButtonClick" time="4.063"/>
  <testcase classname="testscript.ManageDeliveryBoyTest" name="verifyNoNewDeliverBoyIsGettingCreatedIfMandatoryFieldsAreMissing" time="4.588"/>
</testsuite> <!-- testscript.ManageDeliveryBoyTest -->
