<?xml version="1.0" encoding="UTF-8"?>
<!-- Generated by org.testng.reporters.JUnitReportReporter -->
<testsuite hostname="LAPTOP-5VTFGCLM" failures="0" tests="3" name="testscript.LoginTest" time="10.891" errors="0" timestamp="2024-01-22T14:26:50 IST" skipped="0">
  <testcase classname="testscript.LoginTest" name="verifyWhetherTheUserIsUnableToLoginWithIncorrectUserNameAndIncorrectPassWord" time="3.793"/>
  <testcase classname="testscript.LoginTest" name="verifyWhetherTheUserIsUnbleToLoginWithIncorrectUserNameAndCorrectPassWord" time="3.250"/>
  <testcase classname="testscript.LoginTest" name="verifyWhetherTheUserIsAbleToLoginWithValidCredentials" time="3.848"/>
</testsuite> <!-- testscript.LoginTest -->
