<?xml version="1.0" encoding="UTF-8"?>
<!-- Generated by org.testng.reporters.JUnitReportReporter -->
<testsuite hostname="LAPTOP-5VTFGCLM" failures="0" tests="1" name="testscript.MobileSliderTest" time="3.998" errors="0" timestamp="2024-02-29T17:00:48 IST" skipped="0">
  <testcase classname="testscript.MobileSliderTest" name="verifyWhetherMobleSliderPageHeadingIsCorrect" time="3.998"/>
</testsuite> <!-- testscript.MobileSliderTest -->
