<?xml version="1.0" encoding="UTF-8"?>
<!-- Generated by org.testng.reporters.JUnitReportReporter -->
<testsuite hostname="LAPTOP-5VTFGCLM" failures="0" tests="1" name="testscript.ManageOfferCodeTest" time="9.331" errors="0" timestamp="2024-01-25T22:12:21 IST" skipped="0">
  <testcase classname="testscript.ManageOfferCodeTest" name="veryfyWhetherNewOfferCodeIsGettingAddedWhenCoorectDetailsAreEntered" time="9.331"/>
</testsuite> <!-- testscript.ManageOfferCodeTest -->
